time iter num.topics num.tables likelihood gamma alpha split merge trial
    0.00 00000 0002 00063 -110.55857 0.10000 1.00000 0 0 0
    0.00 00001 0002 00061 -107.63017 0.10000 1.00000 0 0 0
    0.00 00002 0002 00062 -109.21874 0.10000 1.00000 0 0 0
    0.00 00003 0002 00061 -106.97249 0.10000 1.00000 0 0 0
    0.00 00004 0002 00062 -103.98605 0.10000 1.00000 0 0 0
    0.00 00005 0002 00062 -106.92536 0.10000 1.00000 0 0 0
    0.00 00006 0002 00062 -107.78795 0.10000 1.00000 0 0 0
    0.00 00007 0002 00062 -103.32756 0.10000 1.00000 0 0 0
    0.00 00008 0002 00062 -100.20217 0.10000 1.00000 0 0 0
    0.00 00009 0002 00061 -106.39721 0.10000 1.00000 0 0 0
    0.00 00010 0002 00062 -104.96286 0.10000 1.00000 0 0 0
    0.00 00011 0002 00063 -101.15684 0.10000 1.00000 0 0 0
    0.00 00012 0002 00062 -99.27834 0.10000 1.00000 0 0 0
    0.00 00013 0002 00062 -100.60593 0.10000 1.00000 0 0 0
    0.00 00014 0002 00063 -100.36933 0.10000 1.00000 0 0 0
    0.00 00015 0002 00062 -97.43906 0.10000 1.00000 0 0 0
    0.00 00016 0002 00062 -81.04121 0.10000 1.00000 0 0 0
    0.00 00017 0002 00061 -86.45892 0.10000 1.00000 0 0 0
    0.00 00018 0002 00063 -84.57107 0.10000 1.00000 0 0 0
    0.00 00019 0002 00061 -85.07300 0.10000 1.00000 0 0 0
    0.00 00020 0002 00062 -74.08648 0.10000 1.00000 0 0 0
    0.00 00021 0002 00061 -71.08973 0.10000 1.00000 0 0 0
    0.00 00022 0002 00062 -71.14180 0.10000 1.00000 0 0 0
    0.00 00023 0002 00063 -66.90135 0.10000 1.00000 0 0 0
    0.00 00024 0001 00062 -61.10254 0.10000 1.00000 0 0 0
    0.00 00025 0001 00061 -61.10090 0.10000 1.00000 0 0 0
    0.00 00026 0001 00062 -61.10254 0.10000 1.00000 0 0 0
    0.00 00027 0001 00063 -61.10415 0.10000 1.00000 0 0 0
    0.00 00028 0001 00062 -61.10254 0.10000 1.00000 0 0 0
    0.00 00029 0001 00063 -61.10415 0.10000 1.00000 0 0 0
    0.00 00030 0001 00062 -61.10254 0.10000 1.00000 0 0 0
    0.00 00031 0001 00063 -61.10415 0.10000 1.00000 0 0 0
    0.00 00032 0001 00062 -61.10254 0.10000 1.00000 0 0 0
    0.00 00033 0001 00062 -61.10254 0.10000 1.00000 0 0 0
    0.00 00034 0001 00061 -61.10090 0.10000 1.00000 0 0 0
    0.00 00035 0001 00061 -61.10090 0.10000 1.00000 0 0 0
    0.00 00036 0001 00062 -61.10254 0.10000 1.00000 0 0 0
    0.00 00037 0001 00061 -61.10090 0.10000 1.00000 0 0 0
    0.00 00038 0001 00062 -61.10254 0.10000 1.00000 0 0 0
    0.00 00039 0001 00062 -61.10254 0.10000 1.00000 0 0 0
    0.00 00040 0001 00062 -61.10254 0.10000 1.00000 0 0 0
    0.00 00041 0001 00061 -61.10090 0.10000 1.00000 0 0 0
    0.00 00042 0001 00061 -61.10090 0.10000 1.00000 0 0 0
    0.00 00043 0001 00061 -61.10090 0.10000 1.00000 0 0 0
    0.00 00044 0001 00062 -61.10254 0.10000 1.00000 0 0 0
    0.00 00045 0002 00062 -69.54274 0.10000 1.00000 0 0 0
    0.00 00046 0002 00063 -72.12248 0.10000 1.00000 0 0 0
    0.00 00047 0002 00062 -71.14180 0.10000 1.00000 0 0 0
    0.00 00048 0001 00063 -61.10415 0.10000 1.00000 0 0 0
    0.00 00049 0001 00063 -61.10415 0.10000 1.00000 0 0 0
    0.00 00050 0001 00063 -61.10415 0.10000 1.00000 0 0 0
    0.00 00051 0001 00063 -61.10415 0.10000 1.00000 0 0 0
    0.00 00052 0002 00061 -67.07662 0.10000 1.00000 0 0 0
    0.00 00053 0002 00062 -67.09478 0.10000 1.00000 0 0 0
    0.00 00054 0001 00063 -61.10415 0.10000 1.00000 0 0 0
    0.00 00055 0001 00062 -61.10254 0.10000 1.00000 0 0 0
    0.00 00056 0001 00061 -61.10090 0.10000 1.00000 0 0 0
    0.00 00057 0001 00063 -61.10415 0.10000 1.00000 0 0 0
    0.00 00058 0001 00063 -61.10415 0.10000 1.00000 0 0 0
    0.00 00059 0001 00062 -61.10254 0.10000 1.00000 0 0 0
    0.00 00060 0001 00062 -61.10254 0.10000 1.00000 0 0 0
    0.00 00061 0001 00063 -61.10415 0.10000 1.00000 0 0 0
    0.00 00062 0001 00061 -61.10090 0.10000 1.00000 0 0 0
    0.00 00063 0001 00062 -61.10254 0.10000 1.00000 0 0 0
    0.00 00064 0001 00063 -61.10415 0.10000 1.00000 0 0 0
    0.00 00065 0001 00061 -61.10090 0.10000 1.00000 0 0 0
    0.00 00066 0001 00062 -61.10254 0.10000 1.00000 0 0 0
    0.00 00067 0001 00061 -61.10090 0.10000 1.00000 0 0 0
    0.00 00068 0001 00062 -61.10254 0.10000 1.00000 0 0 0
    0.00 00069 0001 00061 -61.10090 0.10000 1.00000 0 0 0
    0.00 00070 0001 00062 -61.10254 0.10000 1.00000 0 0 0
    0.00 00071 0001 00061 -61.10090 0.10000 1.00000 0 0 0
    0.00 00072 0001 00061 -61.10090 0.10000 1.00000 0 0 0
    0.00 00073 0002 00063 -67.11266 0.10000 1.00000 0 0 0
    0.00 00074 0002 00063 -68.51079 0.10000 1.00000 0 0 0
    0.00 00075 0002 00063 -78.20216 0.10000 1.00000 0 0 0
    0.00 00076 0002 00062 -82.28118 0.10000 1.00000 0 0 0
    0.00 00077 0002 00063 -82.13034 0.10000 1.00000 0 0 0
    0.00 00078 0002 00063 -72.89736 0.10000 1.00000 0 0 0
    0.00 00079 0002 00063 -72.41035 0.10000 1.00000 0 0 0
    0.00 00080 0002 00063 -69.57714 0.10000 1.00000 0 0 0
    0.00 00081 0002 00063 -71.19301 0.10000 1.00000 0 0 0
    0.00 00082 0001 00062 -61.10254 0.10000 1.00000 0 0 0
    0.00 00083 0001 00063 -61.10415 0.10000 1.00000 0 0 0
    0.00 00084 0001 00062 -61.10254 0.10000 1.00000 0 0 0
    0.00 00085 0001 00061 -61.10090 0.10000 1.00000 0 0 0
    0.00 00086 0001 00062 -61.10254 0.10000 1.00000 0 0 0
    0.00 00087 0001 00062 -61.10254 0.10000 1.00000 0 0 0
    0.00 00088 0001 00061 -61.10090 0.10000 1.00000 0 0 0
    0.00 00089 0001 00061 -61.10090 0.10000 1.00000 0 0 0
    0.00 00090 0002 00061 -67.07662 0.10000 1.00000 0 0 0
    0.00 00091 0002 00062 -72.86296 0.10000 1.00000 0 0 0
    0.00 00092 0002 00063 -72.89736 0.10000 1.00000 0 0 0
    0.00 00093 0003 00062 -80.20355 0.10000 1.00000 0 0 0
    0.00 00094 0002 00063 -76.34273 0.10000 1.00000 0 0 0
    0.00 00095 0002 00061 -78.30078 0.10000 1.00000 0 0 0
    0.00 00096 0001 00062 -61.10254 0.10000 1.00000 0 0 0
    0.00 00097 0001 00061 -61.10090 0.10000 1.00000 0 0 0
    0.00 00098 0001 00062 -61.10254 0.10000 1.00000 0 0 0
    0.00 00099 0001 00062 -61.10254 0.10000 1.00000 0 0 0
    0.00 00100 0001 00063 -61.10415 0.10000 1.00000 0 0 0
    0.00 00101 0001 00063 -61.10415 0.10000 1.00000 0 0 0
    0.00 00102 0001 00061 -61.10090 0.10000 1.00000 0 0 0
    0.00 00103 0001 00061 -61.10090 0.10000 1.00000 0 0 0
    0.00 00104 0001 00063 -61.10415 0.10000 1.00000 0 0 0
    0.00 00105 0001 00062 -61.10254 0.10000 1.00000 0 0 0
    0.00 00106 0001 00061 -61.10090 0.10000 1.00000 0 0 0
    0.00 00107 0001 00062 -61.10254 0.10000 1.00000 0 0 0
    0.00 00108 0001 00061 -61.10090 0.10000 1.00000 0 0 0
    0.00 00109 0001 00062 -61.10254 0.10000 1.00000 0 0 0
    0.00 00110 0001 00062 -61.10254 0.10000 1.00000 0 0 0
    0.00 00111 0001 00062 -61.10254 0.10000 1.00000 0 0 0
    0.00 00112 0001 00062 -61.10254 0.10000 1.00000 0 0 0
    0.00 00113 0001 00062 -61.10254 0.10000 1.00000 0 0 0
    0.00 00114 0001 00061 -61.10090 0.10000 1.00000 0 0 0
    0.00 00115 0001 00063 -61.10415 0.10000 1.00000 0 0 0
    0.00 00116 0001 00062 -61.10254 0.10000 1.00000 0 0 0
    0.00 00117 0001 00061 -61.10090 0.10000 1.00000 0 0 0
    0.00 00118 0001 00062 -61.10254 0.10000 1.00000 0 0 0
    0.00 00119 0001 00062 -61.10254 0.10000 1.00000 0 0 0
    0.00 00120 0001 00062 -61.10254 0.10000 1.00000 0 0 0
    0.00 00121 0001 00063 -61.10415 0.10000 1.00000 0 0 0
    0.00 00122 0001 00061 -61.10090 0.10000 1.00000 0 0 0
    0.00 00123 0001 00063 -61.10415 0.10000 1.00000 0 0 0
    0.00 00124 0001 00062 -61.10254 0.10000 1.00000 0 0 0
    0.00 00125 0001 00063 -61.10415 0.10000 1.00000 0 0 0
    0.00 00126 0001 00062 -61.10254 0.10000 1.00000 0 0 0
    0.00 00127 0001 00061 -61.10090 0.10000 1.00000 0 0 0
    0.00 00128 0001 00063 -61.10415 0.10000 1.00000 0 0 0
    0.00 00129 0001 00062 -61.10254 0.10000 1.00000 0 0 0
    0.00 00130 0001 00063 -61.10415 0.10000 1.00000 0 0 0
    0.00 00131 0001 00062 -61.10254 0.10000 1.00000 0 0 0
    0.00 00132 0001 00062 -61.10254 0.10000 1.00000 0 0 0
    0.00 00133 0001 00062 -61.10254 0.10000 1.00000 0 0 0
    0.00 00134 0001 00062 -61.10254 0.10000 1.00000 0 0 0
    0.00 00135 0001 00061 -61.10090 0.10000 1.00000 0 0 0
    0.00 00136 0001 00061 -61.10090 0.10000 1.00000 0 0 0
    0.00 00137 0001 00061 -61.10090 0.10000 1.00000 0 0 0
    0.00 00138 0001 00062 -61.10254 0.10000 1.00000 0 0 0
    0.00 00139 0001 00061 -61.10090 0.10000 1.00000 0 0 0
    0.00 00140 0001 00062 -61.10254 0.10000 1.00000 0 0 0
    0.00 00141 0001 00061 -61.10090 0.10000 1.00000 0 0 0
    0.00 00142 0001 00061 -61.10090 0.10000 1.00000 0 0 0
    0.00 00143 0001 00062 -61.10254 0.10000 1.00000 0 0 0
    0.00 00144 0001 00062 -61.10254 0.10000 1.00000 0 0 0
    0.00 00145 0001 00063 -61.10415 0.10000 1.00000 0 0 0
    0.00 00146 0001 00062 -61.10254 0.10000 1.00000 0 0 0
    0.00 00147 0001 00062 -61.10254 0.10000 1.00000 0 0 0
    0.00 00148 0001 00061 -61.10090 0.10000 1.00000 0 0 0
    0.00 00149 0001 00061 -61.10090 0.10000 1.00000 0 0 0
    0.00 00150 0001 00062 -61.10254 0.10000 1.00000 0 0 0
    0.00 00151 0001 00061 -61.10090 0.10000 1.00000 0 0 0
    0.00 00152 0001 00063 -61.10415 0.10000 1.00000 0 0 0
    0.00 00153 0001 00062 -61.10254 0.10000 1.00000 0 0 0
    0.00 00154 0001 00062 -61.10254 0.10000 1.00000 0 0 0
    0.00 00155 0001 00061 -61.10090 0.10000 1.00000 0 0 0
    0.00 00156 0001 00062 -61.10254 0.10000 1.00000 0 0 0
    0.00 00157 0001 00063 -61.10415 0.10000 1.00000 0 0 0
    0.00 00158 0001 00062 -61.10254 0.10000 1.00000 0 0 0
    0.00 00159 0001 00063 -61.10415 0.10000 1.00000 0 0 0
    0.00 00160 0001 00061 -61.10090 0.10000 1.00000 0 0 0
    0.00 00161 0001 00062 -61.10254 0.10000 1.00000 0 0 0
    0.00 00162 0001 00062 -61.10254 0.10000 1.00000 0 0 0
    0.00 00163 0001 00062 -61.10254 0.10000 1.00000 0 0 0
    0.00 00164 0001 00062 -61.10254 0.10000 1.00000 0 0 0
    0.00 00165 0001 00063 -61.10415 0.10000 1.00000 0 0 0
    0.00 00166 0002 00062 -66.88348 0.10000 1.00000 0 0 0
    0.00 00167 0002 00062 -71.14180 0.10000 1.00000 0 0 0
    0.00 00168 0002 00063 -87.07936 0.10000 1.00000 0 0 0
    0.00 00169 0001 00063 -61.10415 0.10000 1.00000 0 0 0
    0.00 00170 0001 00062 -61.10254 0.10000 1.00000 0 0 0
    0.00 00171 0001 00062 -61.10254 0.10000 1.00000 0 0 0
    0.00 00172 0001 00062 -61.10254 0.10000 1.00000 0 0 0
    0.00 00173 0001 00062 -61.10254 0.10000 1.00000 0 0 0
    0.00 00174 0001 00061 -61.10090 0.10000 1.00000 0 0 0
    0.00 00175 0001 00063 -61.10415 0.10000 1.00000 0 0 0
    0.00 00176 0001 00063 -61.10415 0.10000 1.00000 0 0 0
    0.00 00177 0001 00061 -61.10090 0.10000 1.00000 0 0 0
    0.00 00178 0002 00063 -66.90135 0.10000 1.00000 0 0 0
    0.00 00179 0001 00062 -61.10254 0.10000 1.00000 0 0 0
    0.00 00180 0001 00062 -61.10254 0.10000 1.00000 0 0 0
    0.00 00181 0001 00061 -61.10090 0.10000 1.00000 0 0 0
    0.00 00182 0001 00063 -61.10415 0.10000 1.00000 0 0 0
    0.00 00183 0001 00062 -61.10254 0.10000 1.00000 0 0 0
    0.00 00184 0001 00063 -61.10415 0.10000 1.00000 0 0 0
    0.00 00185 0001 00063 -61.10415 0.10000 1.00000 0 0 0
    0.00 00186 0001 00062 -61.10254 0.10000 1.00000 0 0 0
    0.00 00187 0001 00061 -61.10090 0.10000 1.00000 0 0 0
    0.00 00188 0001 00063 -61.10415 0.10000 1.00000 0 0 0
    0.00 00189 0001 00063 -61.10415 0.10000 1.00000 0 0 0
    0.00 00190 0001 00062 -61.10254 0.10000 1.00000 0 0 0
    0.00 00191 0002 00062 -67.09478 0.10000 1.00000 0 0 0
    0.00 00192 0001 00062 -61.10254 0.10000 1.00000 0 0 0
    0.00 00193 0001 00063 -61.10415 0.10000 1.00000 0 0 0
    0.00 00194 0001 00062 -61.10254 0.10000 1.00000 0 0 0
    0.00 00195 0001 00062 -61.10254 0.10000 1.00000 0 0 0
    0.00 00196 0001 00063 -61.10415 0.10000 1.00000 0 0 0
    0.00 00197 0001 00061 -61.10090 0.10000 1.00000 0 0 0
    0.00 00198 0001 00062 -61.10254 0.10000 1.00000 0 0 0
    0.00 00199 0001 00062 -61.10254 0.10000 1.00000 0 0 0
    0.00 00200 0001 00062 -61.10254 0.10000 1.00000 0 0 0
    0.00 00201 0001 00062 -61.10254 0.10000 1.00000 0 0 0
    0.00 00202 0001 00062 -61.10254 0.10000 1.00000 0 0 0
    0.00 00203 0001 00063 -61.10415 0.10000 1.00000 0 0 0
    0.00 00204 0001 00063 -61.10415 0.10000 1.00000 0 0 0
    0.00 00205 0001 00061 -61.10090 0.10000 1.00000 0 0 0
    0.00 00206 0002 00062 -73.23081 0.10000 1.00000 0 0 0
    0.00 00207 0002 00062 -72.40835 0.10000 1.00000 0 0 0
    0.00 00208 0001 00062 -61.10254 0.10000 1.00000 0 0 0
    0.00 00209 0001 00061 -61.10090 0.10000 1.00000 0 0 0
    0.00 00210 0001 00063 -61.10415 0.10000 1.00000 0 0 0
    0.00 00211 0001 00062 -61.10254 0.10000 1.00000 0 0 0
    0.00 00212 0001 00062 -61.10254 0.10000 1.00000 0 0 0
    0.00 00213 0001 00062 -61.10254 0.10000 1.00000 0 0 0
    0.00 00214 0001 00062 -61.10254 0.10000 1.00000 0 0 0
    0.00 00215 0001 00063 -61.10415 0.10000 1.00000 0 0 0
    0.00 00216 0001 00063 -61.10415 0.10000 1.00000 0 0 0
    0.00 00217 0001 00061 -61.10090 0.10000 1.00000 0 0 0
    0.00 00218 0001 00063 -61.10415 0.10000 1.00000 0 0 0
    0.00 00219 0001 00062 -61.10254 0.10000 1.00000 0 0 0
    0.00 00220 0001 00062 -61.10254 0.10000 1.00000 0 0 0
    0.00 00221 0002 00061 -68.47475 0.10000 1.00000 0 0 0
    0.00 00222 0002 00062 -68.49291 0.10000 1.00000 0 0 0
    0.00 00223 0001 00061 -61.10090 0.10000 1.00000 0 0 0
    0.00 00224 0001 00061 -61.10090 0.10000 1.00000 0 0 0
    0.00 00225 0002 00062 -68.49291 0.10000 1.00000 0 0 0
    0.00 00226 0001 00061 -61.10090 0.10000 1.00000 0 0 0
    0.00 00227 0001 00063 -61.10415 0.10000 1.00000 0 0 0
    0.00 00228 0002 00063 -76.11523 0.10000 1.00000 0 0 0
    0.00 00229 0001 00063 -61.10415 0.10000 1.00000 0 0 0
    0.00 00230 0001 00061 -61.10090 0.10000 1.00000 0 0 0
    0.00 00231 0001 00061 -61.10090 0.10000 1.00000 0 0 0
    0.00 00232 0002 00062 -67.09478 0.10000 1.00000 0 0 0
    0.00 00233 0002 00063 -70.02483 0.10000 1.00000 0 0 0
    0.00 00234 0001 00063 -61.10415 0.10000 1.00000 0 0 0
    0.00 00235 0001 00062 -61.10254 0.10000 1.00000 0 0 0
    0.00 00236 0001 00062 -61.10254 0.10000 1.00000 0 0 0
    0.00 00237 0001 00063 -61.10415 0.10000 1.00000 0 0 0
    0.00 00238 0002 00063 -67.11266 0.10000 1.00000 0 0 0
    0.00 00239 0001 00062 -61.10254 0.10000 1.00000 0 0 0
    0.00 00240 0001 00062 -61.10254 0.10000 1.00000 0 0 0
    0.00 00241 0001 00061 -61.10090 0.10000 1.00000 0 0 0
    0.00 00242 0001 00062 -61.10254 0.10000 1.00000 0 0 0
    0.00 00243 0003 00063 -74.30747 0.10000 1.00000 0 0 0
    0.00 00244 0001 00062 -61.10254 0.10000 1.00000 0 0 0
    0.00 00245 0001 00062 -61.10254 0.10000 1.00000 0 0 0
    0.00 00246 0001 00062 -61.10254 0.10000 1.00000 0 0 0
    0.00 00247 0001 00062 -61.10254 0.10000 1.00000 0 0 0
    0.00 00248 0001 00061 -61.10090 0.10000 1.00000 0 0 0
    0.00 00249 0001 00063 -61.10415 0.10000 1.00000 0 0 0
    0.00 00250 0001 00062 -61.10254 0.10000 1.00000 0 0 0
    0.00 00251 0002 00062 -67.09478 0.10000 1.00000 0 0 0
    0.00 00252 0001 00061 -61.10090 0.10000 1.00000 0 0 0
    0.00 00253 0001 00062 -61.10254 0.10000 1.00000 0 0 0
    0.00 00254 0002 00063 -66.90135 0.10000 1.00000 0 0 0
    0.00 00255 0001 00063 -61.10415 0.10000 1.00000 0 0 0
    0.00 00256 0001 00061 -61.10090 0.10000 1.00000 0 0 0
    0.00 00257 0001 00062 -61.10254 0.10000 1.00000 0 0 0
    0.00 00258 0001 00062 -61.10254 0.10000 1.00000 0 0 0
    0.00 00259 0001 00062 -61.10254 0.10000 1.00000 0 0 0
    0.00 00260 0001 00062 -61.10254 0.10000 1.00000 0 0 0
    0.00 00261 0001 00063 -61.10415 0.10000 1.00000 0 0 0
    0.00 00262 0001 00063 -61.10415 0.10000 1.00000 0 0 0
    0.00 00263 0001 00063 -61.10415 0.10000 1.00000 0 0 0
    0.00 00264 0001 00063 -61.10415 0.10000 1.00000 0 0 0
    0.00 00265 0001 00063 -61.10415 0.10000 1.00000 0 0 0
    0.00 00266 0001 00062 -61.10254 0.10000 1.00000 0 0 0
    0.00 00267 0001 00063 -61.10415 0.10000 1.00000 0 0 0
    0.00 00268 0001 00063 -61.10415 0.10000 1.00000 0 0 0
    0.00 00269 0002 00063 -71.01222 0.10000 1.00000 0 0 0
    0.00 00270 0001 00062 -61.10254 0.10000 1.00000 0 0 0
    0.00 00271 0001 00061 -61.10090 0.10000 1.00000 0 0 0
    0.00 00272 0001 00061 -61.10090 0.10000 1.00000 0 0 0
    0.00 00273 0001 00063 -61.10415 0.10000 1.00000 0 0 0
    0.00 00274 0002 00062 -67.09478 0.10000 1.00000 0 0 0
    0.00 00275 0001 00062 -61.10254 0.10000 1.00000 0 0 0
    0.00 00276 0001 00063 -61.10415 0.10000 1.00000 0 0 0
    0.00 00277 0001 00061 -61.10090 0.10000 1.00000 0 0 0
    0.00 00278 0001 00062 -61.10254 0.10000 1.00000 0 0 0
    0.00 00279 0001 00063 -61.10415 0.10000 1.00000 0 0 0
    0.00 00280 0001 00061 -61.10090 0.10000 1.00000 0 0 0
    0.00 00281 0001 00061 -61.10090 0.10000 1.00000 0 0 0
    0.00 00282 0001 00062 -61.10254 0.10000 1.00000 0 0 0
    0.00 00283 0001 00062 -61.10254 0.10000 1.00000 0 0 0
    0.00 00284 0001 00063 -61.10415 0.10000 1.00000 0 0 0
    0.00 00285 0001 00062 -61.10254 0.10000 1.00000 0 0 0
    0.00 00286 0001 00061 -61.10090 0.10000 1.00000 0 0 0
    0.00 00287 0001 00062 -61.10254 0.10000 1.00000 0 0 0
    0.00 00288 0001 00063 -61.10415 0.10000 1.00000 0 0 0
    0.00 00289 0001 00063 -61.10415 0.10000 1.00000 0 0 0
    0.00 00290 0001 00062 -61.10254 0.10000 1.00000 0 0 0
    0.00 00291 0001 00061 -61.10090 0.10000 1.00000 0 0 0
    0.00 00292 0002 00062 -71.14180 0.10000 1.00000 0 0 0
    0.00 00293 0002 00062 -78.40956 0.10000 1.00000 0 0 0
    0.00 00294 0002 00062 -72.86296 0.10000 1.00000 0 0 0
    0.00 00295 0001 00063 -61.10415 0.10000 1.00000 0 0 0
    0.00 00296 0001 00061 -61.10090 0.10000 1.00000 0 0 0
    0.00 00297 0001 00062 -61.10254 0.10000 1.00000 0 0 0
    0.00 00298 0001 00063 -61.10415 0.10000 1.00000 0 0 0
    0.00 00299 0001 00062 -61.10254 0.10000 1.00000 0 0 0
